<?xml version="1.0" encoding="UTF-8"?>
<testsuite xmlns:xsi="http://www.w3.org/2001/XMLSchema-instance" xsi:noNamespaceSchemaLocation="https://maven.apache.org/surefire/maven-surefire-plugin/xsd/surefire-test-report-3.0.xsd" version="3.0" name="com.example.syspedv1.FacturaControllerTest" time="110.258" tests="8" errors="0" skipped="0" failures="0">
  <properties>
[...]
</properties>
  <testcase name="given_Subtotal_whenCalcularIva_thenOk" classname="com.example.syspedv1.FacturaControllerTest" time="0">
    <system-out><![CDATA[setUp()
Prueba 4 de Factura Controller Test
]]></system-out>
  </testcase>
  <testcase name="given_a_product_and_details_when_calcularPrecio_then_ok" classname="com.example.syspedv1.FacturaControllerTest" time="0.001">
    <system-out><![CDATA[Prueba 1 de Factura Controller Test
]]></system-out>
  </testcase>
  <testcase name="given_two_details_when_get_subtotal_then_ok" classname="com.example.syspedv1.FacturaControllerTest" time="6.144">
    <system-out><![CDATA[Prueba 2 de Factura Controller Test
]]></system-out>
    <system-err><![CDATA[dic 19, 2023 10:37:24 P. M. org.hibernate.jpa.internal.util.LogHelper logPersistenceUnitInformation
INFO: HHH000204: Processing PersistenceUnitInfo [name: default]
dic 19, 2023 10:37:24 P. M. org.hibernate.Version logVersion
INFO: HHH000412: Hibernate ORM core version 6.0.2.Final
dic 19, 2023 10:37:24 P. M. org.hibernate.engine.jdbc.connections.internal.DriverManagerConnectionProviderImpl configure
WARN: HHH10001002: Using built-in connection pool (not intended for production use)
dic 19, 2023 10:37:24 P. M. org.hibernate.engine.jdbc.connections.internal.DriverManagerConnectionProviderImpl buildCreator
INFO: HHH10001005: Loaded JDBC driver class: com.mysql.cj.jdbc.Driver
dic 19, 2023 10:37:24 P. M. org.hibernate.engine.jdbc.connections.internal.DriverManagerConnectionProviderImpl buildCreator
INFO: HHH10001012: Connecting with JDBC URL [jdbc:mysql://0c6.h.filess.io:3307/sysped_teacherdo]
dic 19, 2023 10:37:24 P. M. org.hibernate.engine.jdbc.connections.internal.DriverManagerConnectionProviderImpl buildCreator
INFO: HHH10001001: Connection properties: {password=****, user=sysped_teacherdo}
dic 19, 2023 10:37:24 P. M. org.hibernate.engine.jdbc.connections.internal.DriverManagerConnectionProviderImpl buildCreator
INFO: HHH10001003: Autocommit mode: false
dic 19, 2023 10:37:24 P. M. org.hibernate.engine.jdbc.connections.internal.DriverManagerConnectionProviderImpl$PooledConnections <init>
INFO: HHH10001115: Connection pool size: 20 (min=1)
dic 19, 2023 10:37:28 P. M. org.hibernate.engine.jdbc.dialect.internal.DialectFactoryImpl logSelectedDialect
INFO: HHH000400: Using dialect: org.hibernate.dialect.MySQLDialect
dic 19, 2023 10:37:29 P. M. org.hibernate.engine.transaction.jta.platform.internal.JtaPlatformInitiator initiateService
INFO: HHH000490: Using JtaPlatform implementation: [org.hibernate.engine.transaction.jta.platform.internal.NoJtaPlatform]
]]></system-err>
  </testcase>
  <testcase name="given_a_details_list_null_then_exception" classname="com.example.syspedv1.FacturaControllerTest" time="0.003">
    <system-out><![CDATA[Prueba 5 de Factura Controller Test
]]></system-out>
  </testcase>
  <testcase name="given_a_string_null_when_generarCodigoFactura_then_exception" classname="com.example.syspedv1.FacturaControllerTest" time="0.001">
    <system-out><![CDATA[Prueba 7 de Factura Controller Test
]]></system-out>
  </testcase>
  <testcase name="given_calcularSubTotal_should_be_executed_in" classname="com.example.syspedv1.FacturaControllerTest" time="104.097">
    <system-out><![CDATA[Prueba 3 de Factura Controller Test
]]></system-out>
  </testcase>
  <testcase name="given_the_last_code_when_generarCodigoFactura_then_Ok" classname="com.example.syspedv1.FacturaControllerTest" time="0">
    <system-out><![CDATA[Prueba 6 de Factura Controller Test
]]></system-out>
  </testcase>
  <testcase name="given_subtotal_and_Iva_when_calcularTotal_then_Ok" classname="com.example.syspedv1.FacturaControllerTest" time="0.001">
    <system-out><![CDATA[Prueba 8 de Factura Controller Test
]]></system-out>
  </testcase>
</testsuite>