<?xml version="1.0" encoding="UTF-8"?>
<testsuite xmlns:xsi="http://www.w3.org/2001/XMLSchema-instance" xsi:noNamespaceSchemaLocation="https://maven.apache.org/surefire/maven-surefire-plugin/xsd/surefire-test-report-3.0.xsd" version="3.0" name="entity.FacturaEntityCodigoFacturaParameterizedTest" time="0" tests="10" errors="0" skipped="0" failures="0">
  <properties>
[...]
</properties>
  <testcase name="given_parameters_when_generate_bill_code_then_ok[0]" classname="entity.FacturaEntityCodigoFacturaParameterizedTest" time="0">
    <system-out><![CDATA[Prueba 1 de FacturaEntity CodigoFactura ParameterizedTest
]]></system-out>
  </testcase>
  <testcase name="given_parameters_when_generate_bill_code_then_ok[1]" classname="entity.FacturaEntityCodigoFacturaParameterizedTest" time="0">
    <system-out><![CDATA[Prueba 1 de FacturaEntity CodigoFactura ParameterizedTest
]]></system-out>
  </testcase>
  <testcase name="given_parameters_when_generate_bill_code_then_ok[2]" classname="entity.FacturaEntityCodigoFacturaParameterizedTest" time="0">
    <system-out><![CDATA[Prueba 1 de FacturaEntity CodigoFactura ParameterizedTest
]]></system-out>
  </testcase>
  <testcase name="given_parameters_when_generate_bill_code_then_ok[3]" classname="entity.FacturaEntityCodigoFacturaParameterizedTest" time="0">
    <system-out><![CDATA[Prueba 1 de FacturaEntity CodigoFactura ParameterizedTest
]]></system-out>
  </testcase>
  <testcase name="given_parameters_when_generate_bill_code_then_ok[4]" classname="entity.FacturaEntityCodigoFacturaParameterizedTest" time="0">
    <system-out><![CDATA[Prueba 1 de FacturaEntity CodigoFactura ParameterizedTest
]]></system-out>
  </testcase>
  <testcase name="given_parameters_when_generate_bill_code_then_ok[5]" classname="entity.FacturaEntityCodigoFacturaParameterizedTest" time="0">
    <system-out><![CDATA[Prueba 1 de FacturaEntity CodigoFactura ParameterizedTest
]]></system-out>
  </testcase>
  <testcase name="given_parameters_when_generate_bill_code_then_ok[6]" classname="entity.FacturaEntityCodigoFacturaParameterizedTest" time="0">
    <system-out><![CDATA[Prueba 1 de FacturaEntity CodigoFactura ParameterizedTest
]]></system-out>
  </testcase>
  <testcase name="given_parameters_when_generate_bill_code_then_ok[7]" classname="entity.FacturaEntityCodigoFacturaParameterizedTest" time="0">
    <system-out><![CDATA[Prueba 1 de FacturaEntity CodigoFactura ParameterizedTest
]]></system-out>
  </testcase>
  <testcase name="given_parameters_when_generate_bill_code_then_ok[8]" classname="entity.FacturaEntityCodigoFacturaParameterizedTest" time="0">
    <system-out><![CDATA[Prueba 1 de FacturaEntity CodigoFactura ParameterizedTest
]]></system-out>
  </testcase>
  <testcase name="given_parameters_when_generate_bill_code_then_ok[9]" classname="entity.FacturaEntityCodigoFacturaParameterizedTest" time="0">
    <system-out><![CDATA[Prueba 1 de FacturaEntity CodigoFactura ParameterizedTest
]]></system-out>
  </testcase>
</testsuite>